C51 COMPILER V9.53.0.0   7_SEGMENT_0_99                                                    12/20/2018 10:54:12 PAGE 1   


C51 COMPILER V9.53.0.0, COMPILATION OF MODULE 7_SEGMENT_0_99
OBJECT MODULE PLACED IN 7_SEGMENT_0-99.OBJ
COMPILER INVOKED BY: C:\Keil_v5\C51\BIN\C51.EXE 7_SEGMENT_0-99.c OPTIMIZE(8,SPEED) BROWSE DEBUG OBJECTEXTEND TABS(2)

line level    source

   1          #include<reg51.h>
   2          
   3          void T1_delay(int a)
   4          {
   5   1        int i;
   6   1        for(i=0;i<a;i++)
   7   1        {
   8   2          TL1=0xFD;
   9   2          TH1=0x4B;
  10   2          TR1=1;
  11   2          while(TF1==0);
  12   2          TR1=0;
  13   2          TF1=0;
  14   2        }       
  15   1      }
  16          
  17          #define SEGMENT P2
  18          void sdelay (char d)
  19          {
  20   1        for(;d>0;d--);
  21   1      }
  22          
  23          sbit DIG1 = P3^0;
  24          sbit DIG2 = P3^1;
  25          sbit DIG3 = P3^2;
  26          sbit DIG4 = P3^3;
  27          
  28          #define ON  1
  29          #define OFF 0
  30          
  31          char Data[10] = {0x3f,0x06,0x5b,0x4f,0x66,0x6d,0x7d,0x07,0xff,0x67};      //comman cathode type;
  32          //char Data[10]={0xC0,0xF9,0xA4,0xB0,0x99,0x92,0x82,0xF8,0x80,0x90};      //comman anode type;
  33          
  34          int Count;
  35          
  36          void main()
  37          {
  38   1        P2 = 0x00;
  39   1        P3 = 0X00;
  40   1        
  41   1        while(1)
  42   1        {
  43   2          for(Count=0;Count<=10000;Count++)
  44   2          {
  45   3            int j;
  46   3            for(j=0;j<500;j++)
  47   3            {
  48   4              int Disp1_Data,Disp2_Data,Disp3_Data,Disp4_Data;
  49   4              int Temp_DATA;
  50   4            
  51   4              Temp_DATA  = Count;           //6789;
  52   4              Disp1_Data = Temp_DATA % 10;  //Disp1=9;
  53   4              Temp_DATA  = Temp_DATA / 10;  //678;
  54   4              Disp2_Data = Temp_DATA % 10;  //Disp=8;
  55   4              Temp_DATA  = Temp_DATA / 10;  //67;
C51 COMPILER V9.53.0.0   7_SEGMENT_0_99                                                    12/20/2018 10:54:12 PAGE 2   

  56   4              Disp3_Data = Temp_DATA % 10;  //7;
  57   4              Disp4_Data = Temp_DATA / 10;
  58   4              
  59   4              DIG4=0; 
  60   4              SEGMENT = Data[Disp4_Data];
  61   4      //        T1_delay(7);
  62   4              sdelay(300);
  63   4              DIG4=1;
  64   4      
  65   4              DIG3=0; 
  66   4              SEGMENT = Data[Disp3_Data]; 
  67   4      //        T1_delay(7);
  68   4              sdelay(300);
  69   4              DIG3=1;
  70   4              
  71   4              DIG2=0; 
  72   4              SEGMENT = Data[Disp2_Data];
  73   4      //        T1_delay(7);
  74   4              sdelay(300);
  75   4              DIG2=1;
  76   4      
  77   4              DIG1=0; 
  78   4              SEGMENT = Data[Disp1_Data]; 
  79   4      //        T1_delay(7);
  80   4              sdelay(300);
  81   4              DIG1=1;
  82   4            }
  83   3      //      T1_delay(20);
  84   3          }
  85   2        }
  86   1      }


MODULE INFORMATION:   STATIC OVERLAYABLE
   CODE SIZE        =    250    ----
   CONSTANT SIZE    =   ----    ----
   XDATA SIZE       =   ----    ----
   PDATA SIZE       =   ----    ----
   DATA SIZE        =     12      12
   IDATA SIZE       =   ----    ----
   BIT SIZE         =   ----    ----
END OF MODULE INFORMATION.


C51 COMPILATION COMPLETE.  0 WARNING(S),  0 ERROR(S)
